<?xml version="1.0" encoding="UTF-8"?>
<!-- Generated by org.testng.reporters.JUnitReportReporter -->
<testsuite hostname="Lakshmis-MacBook-Pro.local" failures="0" tests="1" name="com.restTests.simpleTests.TekArckApiGetAllUsers" time="1.619" errors="0" timestamp="2023-06-22T17:06:07 MST" skipped="0">
  <testcase classname="com.restTests.simpleTests.TekArckApiGetAllUsers" name="loginToApi1" time="1.619"/>
</testsuite> <!-- com.restTests.simpleTests.TekArckApiGetAllUsers -->
