<?xml version="1.0" encoding="UTF-8"?>
<!-- Generated by org.testng.reporters.JUnitReportReporter -->
<testsuite hostname="Lakshmis-MacBook-Pro.local" failures="0" tests="1" name="com.restTests.simpleTests.SimpleRestRequests" time="2.497" errors="0" timestamp="2023-06-22T16:11:02 MST" skipped="0">
  <testcase classname="com.restTests.simpleTests.SimpleRestRequests" name="TestFakeRestApi" time="2.497"/>
</testsuite> <!-- com.restTests.simpleTests.SimpleRestRequests -->
