<?xml version="1.0" encoding="UTF-8"?>
<!-- Generated by org.testng.reporters.JUnitReportReporter -->
<testsuite hostname="Lakshmis-MacBook-Pro.local" failures="0" tests="1" name="com.test.tests.ApiE2ETestScripts" time="1.395" errors="0" timestamp="2023-07-17T18:59:45 MST" skipped="0">
  <testcase classname="com.test.tests.ApiE2ETestScripts" name="testCase_2" time="1.395"/>
</testsuite> <!-- com.test.tests.ApiE2ETestScripts -->
