<?xml version="1.0" encoding="UTF-8"?>
<!-- Generated by org.testng.reporters.JUnitReportReporter -->
<testsuite hostname="Lakshmis-MacBook-Pro.local" failures="0" tests="2" name="com.restTests.simpleTests.TekArckApiGetAllUsers_Assignment" time="20.500" errors="0" timestamp="2023-06-23T16:12:26 MST" skipped="0">
  <testcase classname="com.restTests.simpleTests.TekArckApiGetAllUsers_Assignment" name="getAllAccountNumbers" time="18.765"/>
  <testcase classname="com.restTests.simpleTests.TekArckApiGetAllUsers_Assignment" name="loginToApi1" time="1.735"/>
</testsuite> <!-- com.restTests.simpleTests.TekArckApiGetAllUsers_Assignment -->
