<?xml version="1.0" encoding="UTF-8"?>
<!-- Generated by org.testng.reporters.JUnitReportReporter -->
<testsuite hostname="Lakshmis-MacBook-Pro.local" failures="0" tests="1" name="com.restTests.simpleTests.TekArckApiGetAllUsers$TekarchApiGetAllUsers" time="1.581" errors="0" timestamp="2023-06-22T16:13:11 MST" skipped="0">
  <testcase classname="com.restTests.simpleTests.TekArckApiGetAllUsers$TekarchApiGetAllUsers" name="loginToApi1" time="1.581"/>
</testsuite> <!-- com.restTests.simpleTests.TekArckApiGetAllUsers$TekarchApiGetAllUsers -->
