<?xml version="1.0" encoding="UTF-8"?>
<!-- Generated by org.testng.reporters.JUnitReportReporter -->
<testsuite hostname="Lakshmis-MacBook-Pro.local" failures="0" tests="1" name="com.tests.simpleCRUDWithApi.LoginToApi" time="1.675" errors="0" timestamp="2023-07-17T11:03:47 MST" skipped="0">
  <testcase classname="com.tests.simpleCRUDWithApi.LoginToApi" name="login" time="1.675"/>
</testsuite> <!-- com.tests.simpleCRUDWithApi.LoginToApi -->
