<?xml version="1.0" encoding="UTF-8"?>
<!-- Generated by org.testng.reporters.JUnitReportReporter -->
<testsuite hostname="Lakshmis-MacBook-Pro.local" failures="0" tests="2" name="com.restTests.simpleTests.TekarchApiLogin_Assignment" time="18.914" errors="0" timestamp="2023-06-23T15:14:38 MST" skipped="0">
  <testcase classname="com.restTests.simpleTests.TekarchApiLogin_Assignment" name="loginToApi1" time="2.152"/>
  <testcase classname="com.restTests.simpleTests.TekarchApiLogin_Assignment" name="getUsers" time="16.762"/>
</testsuite> <!-- com.restTests.simpleTests.TekarchApiLogin_Assignment -->
